<?xml version="1.0" encoding="UTF-8"?>
<testng-results ignored="0" total="1" passed="1" failed="0" skipped="0">
  <reporter-output>
  </reporter-output>
  <suite started-at="2023-04-29T12:32:53 IST" name="Default suite" finished-at="2023-04-29T12:33:28 IST" duration-ms="34931">
    <groups>
    </groups>
    <test started-at="2023-04-29T12:32:53 IST" name="Default test" finished-at="2023-04-29T12:33:28 IST" duration-ms="34931">
      <class name="Site.Saturday_April">
        <test-method is-config="true" signature="initializadriver()[pri:0, instance:Site.Saturday_April@4659191b]" started-at="2023-04-29T12:32:53 IST" name="initializadriver" finished-at="2023-04-29T12:33:12 IST" duration-ms="18514" status="PASS">
          <reporter-output>
          </reporter-output>
        </test-method> <!-- initializadriver -->
        <test-method is-config="true" signature="objectCreate()[pri:0, instance:Site.Saturday_April@4659191b]" started-at="2023-04-29T12:33:12 IST" name="objectCreate" finished-at="2023-04-29T12:33:12 IST" duration-ms="170" status="PASS">
          <reporter-output>
          </reporter-output>
        </test-method> <!-- objectCreate -->
        <test-method signature="navigation()[pri:0, instance:Site.Saturday_April@4659191b]" started-at="2023-04-29T12:33:12 IST" name="navigation" finished-at="2023-04-29T12:33:27 IST" duration-ms="14228" status="PASS">
          <reporter-output>
          </reporter-output>
        </test-method> <!-- navigation -->
        <test-method is-config="true" signature="closeDriver()[pri:0, instance:Site.Saturday_April@4659191b]" started-at="2023-04-29T12:33:27 IST" name="closeDriver" finished-at="2023-04-29T12:33:28 IST" duration-ms="1643" status="PASS">
          <reporter-output>
          </reporter-output>
        </test-method> <!-- closeDriver -->
      </class> <!-- Site.Saturday_April -->
    </test> <!-- Default test -->
  </suite> <!-- Default suite -->
</testng-results>
